2024-09-05 05:27:33.2966 INFO ==========Q1　Start==========
2024-09-05 05:27:33.9838 INFO 10
2024-09-05 05:27:34.0666 INFO 4.440588
2024-09-05 05:27:34.1706 INFO Jav|a Trai|ning
2024-09-05 05:27:34.1706 INFO Jzvz Trzining
2024-09-05 05:27:34.1706 INFO 2024年09月05日
2024-09-05 05:27:34.1706 INFO 05:27:33.847
2024-09-05 05:27:34.1706 INFO ==========Q1　End==========
2024-09-05 05:27:34.1706 INFO ==========Q2　Start==========
2024-09-05 05:27:34.1706 INFO 1番目の文字はCです。
2024-09-05 05:27:34.1706 INFO 2番目の文字はOです。
2024-09-05 05:27:34.1706 INFO 3番目の文字はPです。
2024-09-05 05:27:34.1706 INFO 4番目の文字はYです。
2024-09-05 05:27:34.1706 INFO 5番目の文字はRです。
2024-09-05 05:27:34.1706 INFO 6番目の文字はIです。
2024-09-05 05:27:34.1706 INFO 7番目の文字はGです。
2024-09-05 05:27:34.1706 INFO 8番目の文字はHです。
2024-09-05 05:27:34.1706 INFO 9番目の文字はTです。
2024-09-05 05:27:34.1706 INFO 10番目に空白があります。
2024-09-05 05:27:34.1706 INFO 11番目の文字に記号©があります。
2024-09-05 05:27:34.1706 INFO 12番目に空白があります。
2024-09-05 05:27:34.1706 INFO 13番目の文字はSです。
2024-09-05 05:27:34.1706 INFO 14番目の文字はEです。
2024-09-05 05:27:34.1706 INFO 15番目の文字はRです。
2024-09-05 05:27:34.1706 INFO 16番目の文字はAです。
2024-09-05 05:27:34.1706 INFO 17番目の文字はKです。
2024-09-05 05:27:34.1706 INFO 18番目の文字はUです。
2024-09-05 05:27:34.1706 INFO 19番目に空白があります。
2024-09-05 05:27:34.1706 INFO 20番目の文字はCです。
2024-09-05 05:27:34.1706 INFO 21番目の文字はOです。
2024-09-05 05:27:34.1706 INFO 22番目の文字に記号,があります。
2024-09-05 05:27:34.1706 INFO 23番目に空白があります。
2024-09-05 05:27:34.1706 INFO 24番目の文字はLです。
2024-09-05 05:27:34.1706 INFO 25番目の文字はTです。
2024-09-05 05:27:34.1706 INFO 26番目の文字はDです。
2024-09-05 05:27:34.1706 INFO 27番目の文字に記号.があります。
2024-09-05 05:27:34.1706 INFO 文字列は27文字でした。
2024-09-05 05:27:34.1706 INFO ==========Q2　End==========
2024-09-05 05:27:34.1706 INFO ==========Q3　Start==========
2024-09-05 05:27:34.1706 INFO 1
2024-09-05 05:27:34.2001 INFO 2
2024-09-05 05:27:34.2001 INFO 静
2024-09-05 05:27:34.2001 INFO 4
2024-09-05 05:27:34.2001 INFO 5
2024-09-05 05:27:34.2001 INFO 静
2024-09-05 05:27:34.2001 INFO 楽
2024-09-05 05:27:34.2001 INFO 8
2024-09-05 05:27:34.2001 INFO 静
2024-09-05 05:27:34.2001 INFO 10
2024-09-05 05:27:34.2001 INFO 11
2024-09-05 05:27:34.2001 INFO 静
2024-09-05 05:27:34.2001 INFO 13
2024-09-05 05:27:34.2001 INFO 楽
2024-09-05 05:27:34.2001 INFO 静
2024-09-05 05:27:34.2001 INFO 16
2024-09-05 05:27:34.2001 INFO 17
2024-09-05 05:27:34.2001 INFO 静
2024-09-05 05:27:34.2001 INFO 19
2024-09-05 05:27:34.2001 INFO 20
2024-09-05 05:27:34.2001 INFO 静楽
2024-09-05 05:27:34.2001 INFO 22
2024-09-05 05:27:34.2001 INFO 23
2024-09-05 05:27:34.2001 INFO 静
2024-09-05 05:27:34.2001 INFO 25
2024-09-05 05:27:34.2001 INFO 26
2024-09-05 05:27:34.2001 INFO 静
2024-09-05 05:27:34.2001 INFO 楽
2024-09-05 05:27:34.2001 INFO 29
2024-09-05 05:27:34.2001 INFO 静
2024-09-05 05:27:34.2001 INFO 31
2024-09-05 05:27:34.2001 INFO 32
2024-09-05 05:27:34.2001 INFO 静
2024-09-05 05:27:34.2001 INFO 34
2024-09-05 05:27:34.2001 INFO 楽
2024-09-05 05:27:34.2001 INFO 静
2024-09-05 05:27:34.2001 INFO 37
2024-09-05 05:27:34.2001 INFO 38
2024-09-05 05:27:34.2001 INFO 静
2024-09-05 05:27:34.2001 INFO 40
2024-09-05 05:27:34.2001 INFO 41
2024-09-05 05:27:34.2001 INFO 静楽
2024-09-05 05:27:34.2001 INFO 43
2024-09-05 05:27:34.2001 INFO 44
2024-09-05 05:27:34.2001 INFO 静
2024-09-05 05:27:34.2001 INFO 46
2024-09-05 05:27:34.2001 INFO 47
2024-09-05 05:27:34.2001 INFO 静
2024-09-05 05:27:34.2001 INFO 楽
2024-09-05 05:27:34.2001 INFO 50
2024-09-05 05:27:34.2001 INFO 静
2024-09-05 05:27:34.2001 INFO 52
2024-09-05 05:27:34.2001 INFO 53
2024-09-05 05:27:34.2001 INFO 静
2024-09-05 05:27:34.2001 INFO 55
2024-09-05 05:27:34.2001 INFO 楽
2024-09-05 05:27:34.2001 INFO 静
2024-09-05 05:27:34.2001 INFO 58
2024-09-05 05:27:34.2001 INFO 59
2024-09-05 05:27:34.2001 INFO 静
2024-09-05 05:27:34.2001 INFO 61
2024-09-05 05:27:34.2001 INFO 62
2024-09-05 05:27:34.2001 INFO 静楽
2024-09-05 05:27:34.2001 INFO 64
2024-09-05 05:27:34.2001 INFO 65
2024-09-05 05:27:34.2001 INFO 静
2024-09-05 05:27:34.2001 INFO 67
2024-09-05 05:27:34.2001 INFO 68
2024-09-05 05:27:34.2001 INFO 静
2024-09-05 05:27:34.2001 INFO 楽
2024-09-05 05:27:34.2001 INFO 71
2024-09-05 05:27:34.2155 INFO 静
2024-09-05 05:27:34.2155 INFO 73
2024-09-05 05:27:34.2155 INFO 74
2024-09-05 05:27:34.2155 INFO 静
2024-09-05 05:27:34.2155 INFO 76
2024-09-05 05:27:34.2155 INFO 楽
2024-09-05 05:27:34.2155 INFO 静
2024-09-05 05:27:34.2155 INFO 79
2024-09-05 05:27:34.2155 INFO 80
2024-09-05 05:27:34.2155 INFO 静
2024-09-05 05:27:34.2155 INFO 82
2024-09-05 05:27:34.2155 INFO 83
2024-09-05 05:27:34.2155 INFO 静楽
2024-09-05 05:27:34.2155 INFO 85
2024-09-05 05:27:34.2155 INFO 86
2024-09-05 05:27:34.2155 INFO 静
2024-09-05 05:27:34.2155 INFO 88
2024-09-05 05:27:34.2155 INFO 89
2024-09-05 05:27:34.2155 INFO 静
2024-09-05 05:27:34.2155 INFO 楽
2024-09-05 05:27:34.2155 INFO 92
2024-09-05 05:27:34.2155 INFO 静
2024-09-05 05:27:34.2155 INFO 94
2024-09-05 05:27:34.2155 INFO 95
2024-09-05 05:27:34.2155 INFO 静
2024-09-05 05:27:34.2155 INFO 97
2024-09-05 05:27:34.2155 INFO 楽
2024-09-05 05:27:34.2155 INFO 静
2024-09-05 05:27:34.2155 INFO 100
2024-09-05 05:27:34.2155 INFO ==========Q3　End==========
2024-09-05 05:35:06.4771 INFO ==========Q1　Start==========
2024-09-05 05:35:06.8636 INFO 10
2024-09-05 05:35:06.9144 INFO 4.440588
2024-09-05 05:35:06.9934 INFO Jav|a Trai|ning
2024-09-05 05:35:06.9934 INFO Jzvz Trzining
2024-09-05 05:35:06.9934 INFO 2024年09月05日
2024-09-05 05:35:06.9934 INFO 05:35:06.751
2024-09-05 05:35:06.9934 INFO ==========Q1　End==========
2024-09-05 05:35:06.9934 INFO ==========Q2　Start==========
2024-09-05 05:35:06.9934 INFO 1番目の文字はCです。
2024-09-05 05:35:06.9934 INFO 2番目の文字はOです。
2024-09-05 05:35:06.9934 INFO 3番目の文字はPです。
2024-09-05 05:35:06.9934 INFO 4番目の文字はYです。
2024-09-05 05:35:06.9934 INFO 5番目の文字はRです。
2024-09-05 05:35:06.9934 INFO 6番目の文字はIです。
2024-09-05 05:35:06.9934 INFO 7番目の文字はGです。
2024-09-05 05:35:06.9934 INFO 8番目の文字はHです。
2024-09-05 05:35:06.9934 INFO 9番目の文字はTです。
2024-09-05 05:35:06.9934 INFO 10番目に空白があります。
2024-09-05 05:35:06.9978 INFO 11番目の文字に記号©があります。
2024-09-05 05:35:06.9978 INFO 12番目に空白があります。
2024-09-05 05:35:06.9978 INFO 13番目の文字はSです。
2024-09-05 05:35:06.9978 INFO 14番目の文字はEです。
2024-09-05 05:35:06.9978 INFO 15番目の文字はRです。
2024-09-05 05:35:06.9978 INFO 16番目の文字はAです。
2024-09-05 05:35:06.9978 INFO 17番目の文字はKです。
2024-09-05 05:35:06.9978 INFO 18番目の文字はUです。
2024-09-05 05:35:06.9978 INFO 19番目に空白があります。
2024-09-05 05:35:06.9978 INFO 20番目の文字はCです。
2024-09-05 05:35:06.9978 INFO 21番目の文字はOです。
2024-09-05 05:35:06.9978 INFO 22番目の文字に記号,があります。
2024-09-05 05:35:06.9978 INFO 23番目に空白があります。
2024-09-05 05:35:06.9978 INFO 24番目の文字はLです。
2024-09-05 05:35:06.9978 INFO 25番目の文字はTです。
2024-09-05 05:35:06.9978 INFO 26番目の文字はDです。
2024-09-05 05:35:06.9978 INFO 27番目の文字に記号.があります。
2024-09-05 05:35:06.9978 INFO 文字列は27文字でした。
2024-09-05 05:35:06.9978 INFO ==========Q2　End==========
2024-09-05 05:35:06.9978 INFO ==========Q3　Start==========
2024-09-05 05:35:06.9978 INFO 1
2024-09-05 05:35:06.9978 INFO 2
2024-09-05 05:35:06.9978 INFO 静
2024-09-05 05:35:06.9978 INFO 4
2024-09-05 05:35:06.9978 INFO 5
2024-09-05 05:35:06.9978 INFO 静
2024-09-05 05:35:06.9978 INFO 楽
2024-09-05 05:35:06.9978 INFO 8
2024-09-05 05:35:06.9978 INFO 静
2024-09-05 05:35:06.9978 INFO 10
2024-09-05 05:35:06.9978 INFO 11
2024-09-05 05:35:06.9978 INFO 静
2024-09-05 05:35:06.9978 INFO 13
2024-09-05 05:35:06.9978 INFO 楽
2024-09-05 05:35:06.9978 INFO 静
2024-09-05 05:35:06.9978 INFO 16
2024-09-05 05:35:06.9978 INFO 17
2024-09-05 05:35:06.9978 INFO 静
2024-09-05 05:35:06.9978 INFO 19
2024-09-05 05:35:06.9978 INFO 20
2024-09-05 05:35:06.9978 INFO 静楽
2024-09-05 05:35:06.9978 INFO 22
2024-09-05 05:35:06.9978 INFO 23
2024-09-05 05:35:06.9978 INFO 静
2024-09-05 05:35:06.9978 INFO 25
2024-09-05 05:35:06.9978 INFO 26
2024-09-05 05:35:06.9978 INFO 静
2024-09-05 05:35:06.9978 INFO 楽
2024-09-05 05:35:06.9978 INFO 29
2024-09-05 05:35:06.9978 INFO 静
2024-09-05 05:35:06.9978 INFO 31
2024-09-05 05:35:06.9978 INFO 32
2024-09-05 05:35:06.9978 INFO 静
2024-09-05 05:35:06.9978 INFO 34
2024-09-05 05:35:06.9978 INFO 楽
2024-09-05 05:35:06.9978 INFO 静
2024-09-05 05:35:06.9978 INFO 37
2024-09-05 05:35:06.9978 INFO 38
2024-09-05 05:35:06.9978 INFO 静
2024-09-05 05:35:06.9978 INFO 40
2024-09-05 05:35:06.9978 INFO 41
2024-09-05 05:35:06.9978 INFO 静楽
2024-09-05 05:35:06.9978 INFO 43
2024-09-05 05:35:06.9978 INFO 44
2024-09-05 05:35:06.9978 INFO 静
2024-09-05 05:35:06.9978 INFO 46
2024-09-05 05:35:06.9978 INFO 47
2024-09-05 05:35:06.9978 INFO 静
2024-09-05 05:35:06.9978 INFO 楽
2024-09-05 05:35:06.9978 INFO 50
2024-09-05 05:35:06.9978 INFO 静
2024-09-05 05:35:06.9978 INFO 52
2024-09-05 05:35:06.9978 INFO 53
2024-09-05 05:35:06.9978 INFO 静
2024-09-05 05:35:06.9978 INFO 55
2024-09-05 05:35:06.9978 INFO 楽
2024-09-05 05:35:06.9978 INFO 静
2024-09-05 05:35:06.9978 INFO 58
2024-09-05 05:35:06.9978 INFO 59
2024-09-05 05:35:06.9978 INFO 静
2024-09-05 05:35:06.9978 INFO 61
2024-09-05 05:35:06.9978 INFO 62
2024-09-05 05:35:06.9978 INFO 静楽
2024-09-05 05:35:06.9978 INFO 64
2024-09-05 05:35:06.9978 INFO 65
2024-09-05 05:35:06.9978 INFO 静
2024-09-05 05:35:06.9978 INFO 67
2024-09-05 05:35:06.9978 INFO 68
2024-09-05 05:35:06.9978 INFO 静
2024-09-05 05:35:06.9978 INFO 楽
2024-09-05 05:35:06.9978 INFO 71
2024-09-05 05:35:06.9978 INFO 静
2024-09-05 05:35:06.9978 INFO 73
2024-09-05 05:35:06.9978 INFO 74
2024-09-05 05:35:06.9978 INFO 静
2024-09-05 05:35:06.9978 INFO 76
2024-09-05 05:35:06.9978 INFO 楽
2024-09-05 05:35:06.9978 INFO 静
2024-09-05 05:35:06.9978 INFO 79
2024-09-05 05:35:06.9978 INFO 80
2024-09-05 05:35:06.9978 INFO 静
2024-09-05 05:35:06.9978 INFO 82
2024-09-05 05:35:06.9978 INFO 83
2024-09-05 05:35:06.9978 INFO 静楽
2024-09-05 05:35:06.9978 INFO 85
2024-09-05 05:35:06.9978 INFO 86
2024-09-05 05:35:06.9978 INFO 静
2024-09-05 05:35:06.9978 INFO 88
2024-09-05 05:35:06.9978 INFO 89
2024-09-05 05:35:06.9978 INFO 静
2024-09-05 05:35:06.9978 INFO 楽
2024-09-05 05:35:06.9978 INFO 92
2024-09-05 05:35:06.9978 INFO 静
2024-09-05 05:35:06.9978 INFO 94
2024-09-05 05:35:06.9978 INFO 95
2024-09-05 05:35:06.9978 INFO 静
2024-09-05 05:35:07.0190 INFO 97
2024-09-05 05:35:07.0190 INFO 楽
2024-09-05 05:35:07.0190 INFO 静
2024-09-05 05:35:07.0190 INFO 100
2024-09-05 05:35:07.0190 INFO ==========Q3　End==========
2024-09-05 05:35:24.8127 INFO ==========Q1　Start==========
2024-09-05 05:35:24.8127 INFO 10
2024-09-05 05:35:24.8127 INFO 4.440588
2024-09-05 05:35:24.8127 INFO Jav|a Trai|ning
2024-09-05 05:35:24.8127 INFO Jzvz Trzining
2024-09-05 05:35:24.8127 INFO 2024年09月05日
2024-09-05 05:35:24.8127 INFO 05:35:24.813
2024-09-05 05:35:24.8127 INFO ==========Q1　End==========
2024-09-05 05:35:24.8127 INFO ==========Q2　Start==========
2024-09-05 05:35:24.8127 INFO 1番目の文字はCです。
2024-09-05 05:35:24.8127 INFO 2番目の文字はOです。
2024-09-05 05:35:24.8127 INFO 3番目の文字はPです。
2024-09-05 05:35:24.8127 INFO 4番目の文字はYです。
2024-09-05 05:35:24.8127 INFO 5番目の文字はRです。
2024-09-05 05:35:24.8127 INFO 6番目の文字はIです。
2024-09-05 05:35:24.8127 INFO 7番目の文字はGです。
2024-09-05 05:35:24.8127 INFO 8番目の文字はHです。
2024-09-05 05:35:24.8127 INFO 9番目の文字はTです。
2024-09-05 05:35:24.8127 INFO 10番目に空白があります。
2024-09-05 05:35:24.8127 INFO 11番目の文字に記号©があります。
2024-09-05 05:35:24.8127 INFO 12番目に空白があります。
2024-09-05 05:35:24.8127 INFO 13番目の文字はSです。
2024-09-05 05:35:24.8127 INFO 14番目の文字はEです。
2024-09-05 05:35:24.8127 INFO 15番目の文字はRです。
2024-09-05 05:35:24.8127 INFO 16番目の文字はAです。
2024-09-05 05:35:24.8127 INFO 17番目の文字はKです。
2024-09-05 05:35:24.8127 INFO 18番目の文字はUです。
2024-09-05 05:35:24.8127 INFO 19番目に空白があります。
2024-09-05 05:35:24.8127 INFO 20番目の文字はCです。
2024-09-05 05:35:24.8127 INFO 21番目の文字はOです。
2024-09-05 05:35:24.8127 INFO 22番目の文字に記号,があります。
2024-09-05 05:35:24.8127 INFO 23番目に空白があります。
2024-09-05 05:35:24.8127 INFO 24番目の文字はLです。
2024-09-05 05:35:24.8260 INFO 25番目の文字はTです。
2024-09-05 05:35:24.8260 INFO 26番目の文字はDです。
2024-09-05 05:35:24.8260 INFO 27番目の文字に記号.があります。
2024-09-05 05:35:24.8260 INFO 文字列は27文字でした。
2024-09-05 05:35:24.8260 INFO ==========Q2　End==========
2024-09-05 05:35:24.8260 INFO ==========Q3　Start==========
2024-09-05 05:35:24.8260 INFO 1
2024-09-05 05:35:24.8260 INFO 2
2024-09-05 05:35:24.8260 INFO 静
2024-09-05 05:35:24.8260 INFO 4
2024-09-05 05:35:24.8260 INFO 5
2024-09-05 05:35:24.8260 INFO 静
2024-09-05 05:35:24.8260 INFO 楽
2024-09-05 05:35:24.8260 INFO 8
2024-09-05 05:35:24.8260 INFO 静
2024-09-05 05:35:24.8260 INFO 10
2024-09-05 05:35:24.8260 INFO 11
2024-09-05 05:35:24.8260 INFO 静
2024-09-05 05:35:24.8260 INFO 13
2024-09-05 05:35:24.8260 INFO 楽
2024-09-05 05:35:24.8260 INFO 静
2024-09-05 05:35:24.8260 INFO 16
2024-09-05 05:35:24.8260 INFO 17
2024-09-05 05:35:24.8260 INFO 静
2024-09-05 05:35:24.8260 INFO 19
2024-09-05 05:35:24.8260 INFO 20
2024-09-05 05:35:24.8260 INFO 静楽
2024-09-05 05:35:24.8260 INFO 22
2024-09-05 05:35:24.8260 INFO 23
2024-09-05 05:35:24.8260 INFO 静
2024-09-05 05:35:24.8260 INFO 25
2024-09-05 05:35:24.8260 INFO 26
2024-09-05 05:35:24.8260 INFO 静
2024-09-05 05:35:24.8260 INFO 楽
2024-09-05 05:35:24.8260 INFO 29
2024-09-05 05:35:24.8260 INFO 静
2024-09-05 05:35:24.8260 INFO 31
2024-09-05 05:35:24.8260 INFO 32
2024-09-05 05:35:24.8260 INFO 静
2024-09-05 05:35:24.8475 INFO 34
2024-09-05 05:35:24.8475 INFO 楽
2024-09-05 05:35:24.8475 INFO 静
2024-09-05 05:35:24.8475 INFO 37
2024-09-05 05:35:24.8475 INFO 38
2024-09-05 05:35:24.8475 INFO 静
2024-09-05 05:35:24.8475 INFO 40
2024-09-05 05:35:24.8475 INFO 41
2024-09-05 05:35:24.8475 INFO 静楽
2024-09-05 05:35:24.8475 INFO 43
2024-09-05 05:35:24.8475 INFO 44
2024-09-05 05:35:24.8475 INFO 静
2024-09-05 05:35:24.8475 INFO 46
2024-09-05 05:35:24.8475 INFO 47
2024-09-05 05:35:24.8475 INFO 静
2024-09-05 05:35:24.8475 INFO 楽
2024-09-05 05:35:24.8475 INFO 50
2024-09-05 05:35:24.8475 INFO 静
2024-09-05 05:35:24.8475 INFO 52
2024-09-05 05:35:24.8475 INFO 53
2024-09-05 05:35:24.8475 INFO 静
2024-09-05 05:35:24.8475 INFO 55
2024-09-05 05:35:24.8475 INFO 楽
2024-09-05 05:35:24.8475 INFO 静
2024-09-05 05:35:24.8475 INFO 58
2024-09-05 05:35:24.8475 INFO 59
2024-09-05 05:35:24.8475 INFO 静
2024-09-05 05:35:24.8475 INFO 61
2024-09-05 05:35:24.8475 INFO 62
2024-09-05 05:35:24.8475 INFO 静楽
2024-09-05 05:35:24.8475 INFO 64
2024-09-05 05:35:24.8475 INFO 65
2024-09-05 05:35:24.8475 INFO 静
2024-09-05 05:35:24.8475 INFO 67
2024-09-05 05:35:24.8645 INFO 68
2024-09-05 05:35:24.8645 INFO 静
2024-09-05 05:35:24.8645 INFO 楽
2024-09-05 05:35:24.8645 INFO 71
2024-09-05 05:35:24.8645 INFO 静
2024-09-05 05:35:24.8645 INFO 73
2024-09-05 05:35:24.8645 INFO 74
2024-09-05 05:35:24.8645 INFO 静
2024-09-05 05:35:24.8645 INFO 76
2024-09-05 05:35:24.8645 INFO 楽
2024-09-05 05:35:24.8645 INFO 静
2024-09-05 05:35:24.8645 INFO 79
2024-09-05 05:35:24.8645 INFO 80
2024-09-05 05:35:24.8645 INFO 静
2024-09-05 05:35:24.8645 INFO 82
2024-09-05 05:35:24.8645 INFO 83
2024-09-05 05:35:24.8645 INFO 静楽
2024-09-05 05:35:24.8645 INFO 85
2024-09-05 05:35:24.8645 INFO 86
2024-09-05 05:35:24.8645 INFO 静
2024-09-05 05:35:24.8645 INFO 88
2024-09-05 05:35:24.8645 INFO 89
2024-09-05 05:35:24.8645 INFO 静
2024-09-05 05:35:24.8645 INFO 楽
2024-09-05 05:35:24.8645 INFO 92
2024-09-05 05:35:24.8645 INFO 静
2024-09-05 05:35:24.8645 INFO 94
2024-09-05 05:35:24.8645 INFO 95
2024-09-05 05:35:24.8645 INFO 静
2024-09-05 05:35:24.8645 INFO 97
2024-09-05 05:35:24.8645 INFO 楽
2024-09-05 05:35:24.8645 INFO 静
2024-09-05 05:35:24.8645 INFO 100
2024-09-05 05:35:24.8645 INFO ==========Q3　End==========
2024-09-05 05:35:36.2478 INFO ==========Q1　Start==========
2024-09-05 05:35:36.2478 INFO 10
2024-09-05 05:35:36.2478 INFO 4.440588
2024-09-05 05:35:36.2478 INFO Jav|a Trai|ning
2024-09-05 05:35:36.2478 INFO Jzvz Trzining
2024-09-05 05:35:36.2478 INFO 2024年09月05日
2024-09-05 05:35:36.2478 INFO 05:35:36.248
2024-09-05 05:35:36.2478 INFO ==========Q1　End==========
2024-09-05 05:35:36.2478 INFO ==========Q2　Start==========
2024-09-05 05:35:36.2478 INFO 1番目の文字はCです。
2024-09-05 05:35:36.2478 INFO 2番目の文字はOです。
2024-09-05 05:35:36.2478 INFO 3番目の文字はPです。
2024-09-05 05:35:36.2478 INFO 4番目の文字はYです。
2024-09-05 05:35:36.2478 INFO 5番目の文字はRです。
2024-09-05 05:35:36.2478 INFO 6番目の文字はIです。
2024-09-05 05:35:36.2478 INFO 7番目の文字はGです。
2024-09-05 05:35:36.2478 INFO 8番目の文字はHです。
2024-09-05 05:35:36.2478 INFO 9番目の文字はTです。
2024-09-05 05:35:36.2478 INFO 10番目に空白があります。
2024-09-05 05:35:36.2478 INFO 11番目の文字に記号©があります。
2024-09-05 05:35:36.2478 INFO 12番目に空白があります。
2024-09-05 05:35:36.2478 INFO 13番目の文字はSです。
2024-09-05 05:35:36.2478 INFO 14番目の文字はEです。
2024-09-05 05:35:36.2478 INFO 15番目の文字はRです。
2024-09-05 05:35:36.2478 INFO 16番目の文字はAです。
2024-09-05 05:35:36.2478 INFO 17番目の文字はKです。
2024-09-05 05:35:36.2478 INFO 18番目の文字はUです。
2024-09-05 05:35:36.2478 INFO 19番目に空白があります。
2024-09-05 05:35:36.2478 INFO 20番目の文字はCです。
2024-09-05 05:35:36.2478 INFO 21番目の文字はOです。
2024-09-05 05:35:36.2478 INFO 22番目の文字に記号,があります。
2024-09-05 05:35:36.2478 INFO 23番目に空白があります。
2024-09-05 05:35:36.2478 INFO 24番目の文字はLです。
2024-09-05 05:35:36.2478 INFO 25番目の文字はTです。
2024-09-05 05:35:36.2478 INFO 26番目の文字はDです。
2024-09-05 05:35:36.2478 INFO 27番目の文字に記号.があります。
2024-09-05 05:35:36.2478 INFO 文字列は27文字でした。
2024-09-05 05:35:36.2478 INFO ==========Q2　End==========
2024-09-05 05:35:36.2478 INFO ==========Q3　Start==========
2024-09-05 05:35:36.2478 INFO 1
2024-09-05 05:35:36.2478 INFO 2
2024-09-05 05:35:36.2478 INFO 静
2024-09-05 05:35:36.2478 INFO 4
2024-09-05 05:35:36.2478 INFO 5
2024-09-05 05:35:36.2478 INFO 静
2024-09-05 05:35:36.2478 INFO 楽
2024-09-05 05:35:36.2478 INFO 8
2024-09-05 05:35:36.2478 INFO 静
2024-09-05 05:35:36.2478 INFO 10
2024-09-05 05:35:36.2478 INFO 11
2024-09-05 05:35:36.2478 INFO 静
2024-09-05 05:35:36.2478 INFO 13
2024-09-05 05:35:36.2478 INFO 楽
2024-09-05 05:35:36.2478 INFO 静
2024-09-05 05:35:36.2478 INFO 16
2024-09-05 05:35:36.2478 INFO 17
2024-09-05 05:35:36.2478 INFO 静
2024-09-05 05:35:36.2478 INFO 19
2024-09-05 05:35:36.2478 INFO 20
2024-09-05 05:35:36.2478 INFO 静楽
2024-09-05 05:35:36.2478 INFO 22
2024-09-05 05:35:36.2478 INFO 23
2024-09-05 05:35:36.2478 INFO 静
2024-09-05 05:35:36.2478 INFO 25
2024-09-05 05:35:36.2478 INFO 26
2024-09-05 05:35:36.2478 INFO 静
2024-09-05 05:35:36.2478 INFO 楽
2024-09-05 05:35:36.2478 INFO 29
2024-09-05 05:35:36.2478 INFO 静
2024-09-05 05:35:36.2478 INFO 31
2024-09-05 05:35:36.2478 INFO 32
2024-09-05 05:35:36.2478 INFO 静
2024-09-05 05:35:36.2478 INFO 34
2024-09-05 05:35:36.2478 INFO 楽
2024-09-05 05:35:36.2478 INFO 静
2024-09-05 05:35:36.2478 INFO 37
2024-09-05 05:35:36.2478 INFO 38
2024-09-05 05:35:36.2639 INFO 静
2024-09-05 05:35:36.2639 INFO 40
2024-09-05 05:35:36.2639 INFO 41
2024-09-05 05:35:36.2639 INFO 静楽
2024-09-05 05:35:36.2639 INFO 43
2024-09-05 05:35:36.2639 INFO 44
2024-09-05 05:35:36.2639 INFO 静
2024-09-05 05:35:36.2639 INFO 46
2024-09-05 05:35:36.2639 INFO 47
2024-09-05 05:35:36.2639 INFO 静
2024-09-05 05:35:36.2639 INFO 楽
2024-09-05 05:35:36.2639 INFO 50
2024-09-05 05:35:36.2639 INFO 静
2024-09-05 05:35:36.2639 INFO 52
2024-09-05 05:35:36.2639 INFO 53
2024-09-05 05:35:36.2639 INFO 静
2024-09-05 05:35:36.2639 INFO 55
2024-09-05 05:35:36.2639 INFO 楽
2024-09-05 05:35:36.2639 INFO 静
2024-09-05 05:35:36.2639 INFO 58
2024-09-05 05:35:36.2639 INFO 59
2024-09-05 05:35:36.2639 INFO 静
2024-09-05 05:35:36.2639 INFO 61
2024-09-05 05:35:36.2639 INFO 62
2024-09-05 05:35:36.2639 INFO 静楽
2024-09-05 05:35:36.2639 INFO 64
2024-09-05 05:35:36.2639 INFO 65
2024-09-05 05:35:36.2639 INFO 静
2024-09-05 05:35:36.2639 INFO 67
2024-09-05 05:35:36.2639 INFO 68
2024-09-05 05:35:36.2639 INFO 静
2024-09-05 05:35:36.2639 INFO 楽
2024-09-05 05:35:36.2639 INFO 71
2024-09-05 05:35:36.2639 INFO 静
2024-09-05 05:35:36.2639 INFO 73
2024-09-05 05:35:36.2639 INFO 74
2024-09-05 05:35:36.2639 INFO 静
2024-09-05 05:35:36.2639 INFO 76
2024-09-05 05:35:36.2639 INFO 楽
2024-09-05 05:35:36.2639 INFO 静
2024-09-05 05:35:36.2639 INFO 79
2024-09-05 05:35:36.2639 INFO 80
2024-09-05 05:35:36.2639 INFO 静
2024-09-05 05:35:36.2639 INFO 82
2024-09-05 05:35:36.2639 INFO 83
2024-09-05 05:35:36.2639 INFO 静楽
2024-09-05 05:35:36.2639 INFO 85
2024-09-05 05:35:36.2639 INFO 86
2024-09-05 05:35:36.2639 INFO 静
2024-09-05 05:35:36.2639 INFO 88
2024-09-05 05:35:36.2639 INFO 89
2024-09-05 05:35:36.2639 INFO 静
2024-09-05 05:35:36.2639 INFO 楽
2024-09-05 05:35:36.2639 INFO 92
2024-09-05 05:35:36.2639 INFO 静
2024-09-05 05:35:36.2639 INFO 94
2024-09-05 05:35:36.2639 INFO 95
2024-09-05 05:35:36.2639 INFO 静
2024-09-05 05:35:36.2639 INFO 97
2024-09-05 05:35:36.2639 INFO 楽
2024-09-05 05:35:36.2639 INFO 静
2024-09-05 05:35:36.2639 INFO 100
2024-09-05 05:35:36.2639 INFO ==========Q3　End==========
2024-09-05 12:16:53.7573 INFO ==========Q1　Start==========
2024-09-05 12:16:53.8522 INFO ==========Q1　End==========
2024-09-05 12:16:53.8522 INFO ==========Q2　Start==========
2024-09-05 12:16:53.8522 INFO ==========Q2　End==========
2024-09-05 12:16:53.8522 INFO ==========Q3　Start==========
2024-09-05 12:16:53.8522 INFO ==========Q3　End==========
2024-09-05 12:17:46.4140 INFO ==========Q1　Start==========
2024-09-05 12:17:46.4140 INFO ==========Q1　End==========
2024-09-05 12:17:46.4140 INFO ==========Q2　Start==========
2024-09-05 12:17:46.4140 INFO ==========Q2　End==========
2024-09-05 12:17:46.4140 INFO ==========Q3　Start==========
2024-09-05 12:17:46.4140 INFO ==========Q3　End==========
2024-09-05 12:19:34.8716 INFO ==========Q1　Start==========
2024-09-05 12:19:34.9854 INFO ==========Q1　End==========
2024-09-05 12:19:34.9947 INFO ==========Q2　Start==========
2024-09-05 12:19:34.9947 INFO ==========Q2　End==========
2024-09-05 12:19:34.9947 INFO ==========Q3　Start==========
2024-09-05 12:19:34.9947 INFO ==========Q3　End==========
2024-09-05 13:19:54.7752 INFO ==========Q1　Start==========
2024-09-05 13:19:54.8442 INFO ==========Q1　End==========
2024-09-05 13:19:54.8442 INFO ==========Q2　Start==========
2024-09-05 13:19:54.8442 INFO ==========Q2　End==========
2024-09-05 13:19:54.8442 INFO ==========Q3　Start==========
2024-09-05 13:19:54.8442 INFO ==========Q3　End==========
2024-09-05 13:22:06.1011 INFO ==========Q1　Start==========
2024-09-05 13:22:06.1743 INFO ==========Q1　End==========
2024-09-05 13:22:06.1743 INFO ==========Q2　Start==========
2024-09-05 13:22:06.1743 INFO ==========Q2　End==========
2024-09-05 13:22:06.1743 INFO ==========Q3　Start==========
2024-09-05 13:22:06.1743 INFO ==========Q3　End==========
